<?xml version="1.0" encoding="UTF-8"?>
<testsuite name="com.sangsoo.book.springboot.web.PostsApiControllerTest" tests="1" skipped="0" failures="0" errors="0" timestamp="2021-05-13T03:08:03" hostname="sangsooui-MacBookPro.local" time="0.427">
  <properties/>
  <testcase name="Posts_등록된다" classname="com.sangsoo.book.springboot.web.PostsApiControllerTest" time="0.427"/>
  <system-out><![CDATA[12:07:57.921 [Test worker] DEBUG org.springframework.test.context.junit4.SpringJUnit4ClassRunner - SpringJUnit4ClassRunner constructor called with [class com.sangsoo.book.springboot.web.PostsApiControllerTest]
12:07:57.930 [Test worker] DEBUG org.springframework.test.context.BootstrapUtils - Instantiating CacheAwareContextLoaderDelegate from class [org.springframework.test.context.cache.DefaultCacheAwareContextLoaderDelegate]
12:07:57.937 [Test worker] DEBUG org.springframework.test.context.BootstrapUtils - Instantiating BootstrapContext using constructor [public org.springframework.test.context.support.DefaultBootstrapContext(java.lang.Class,org.springframework.test.context.CacheAwareContextLoaderDelegate)]
12:07:57.954 [Test worker] DEBUG org.springframework.test.context.BootstrapUtils - Instantiating TestContextBootstrapper for test class [com.sangsoo.book.springboot.web.PostsApiControllerTest] from class [org.springframework.boot.test.context.SpringBootTestContextBootstrapper]
12:07:57.963 [Test worker] INFO org.springframework.boot.test.context.SpringBootTestContextBootstrapper - Neither @ContextConfiguration nor @ContextHierarchy found for test class [com.sangsoo.book.springboot.web.PostsApiControllerTest], using SpringBootContextLoader
12:07:57.966 [Test worker] DEBUG org.springframework.test.context.support.AbstractContextLoader - Did not detect default resource location for test class [com.sangsoo.book.springboot.web.PostsApiControllerTest]: class path resource [com/sangsoo/book/springboot/web/PostsApiControllerTest-context.xml] does not exist
12:07:57.967 [Test worker] DEBUG org.springframework.test.context.support.AbstractContextLoader - Did not detect default resource location for test class [com.sangsoo.book.springboot.web.PostsApiControllerTest]: class path resource [com/sangsoo/book/springboot/web/PostsApiControllerTestContext.groovy] does not exist
12:07:57.967 [Test worker] INFO org.springframework.test.context.support.AbstractContextLoader - Could not detect default resource locations for test class [com.sangsoo.book.springboot.web.PostsApiControllerTest]: no resource found for suffixes {-context.xml, Context.groovy}.
12:07:57.968 [Test worker] INFO org.springframework.test.context.support.AnnotationConfigContextLoaderUtils - Could not detect default configuration classes for test class [com.sangsoo.book.springboot.web.PostsApiControllerTest]: PostsApiControllerTest does not declare any static, non-private, non-final, nested classes annotated with @Configuration.
12:07:58.006 [Test worker] DEBUG org.springframework.test.context.support.ActiveProfilesUtils - Could not find an 'annotation declaring class' for annotation type [org.springframework.test.context.ActiveProfiles] and class [com.sangsoo.book.springboot.web.PostsApiControllerTest]
12:07:58.097 [Test worker] DEBUG org.springframework.context.annotation.ClassPathScanningCandidateComponentProvider - Identified candidate component class: file [/Users/ohconstant/IdeaProjects/spring-book/build/classes/java/main/com/sangsoo/book/springboot/Application.class]
12:07:58.098 [Test worker] INFO org.springframework.boot.test.context.SpringBootTestContextBootstrapper - Found @SpringBootConfiguration com.sangsoo.book.springboot.Application for test class com.sangsoo.book.springboot.web.PostsApiControllerTest
12:07:58.185 [Test worker] DEBUG org.springframework.boot.test.context.SpringBootTestContextBootstrapper - @TestExecutionListeners is not present for class [com.sangsoo.book.springboot.web.PostsApiControllerTest]: using defaults.
12:07:58.186 [Test worker] INFO org.springframework.boot.test.context.SpringBootTestContextBootstrapper - Loaded default TestExecutionListener class names from location [META-INF/spring.factories]: [org.springframework.security.test.context.support.WithSecurityContextTestExecutionListener, org.springframework.security.test.context.support.ReactorContextTestExecutionListener, org.springframework.boot.test.autoconfigure.restdocs.RestDocsTestExecutionListener, org.springframework.boot.test.autoconfigure.web.client.MockRestServiceServerResetTestExecutionListener, org.springframework.boot.test.autoconfigure.web.servlet.MockMvcPrintOnlyOnFailureTestExecutionListener, org.springframework.boot.test.autoconfigure.web.servlet.WebDriverTestExecutionListener, org.springframework.boot.test.mock.mockito.MockitoTestExecutionListener, org.springframework.boot.test.mock.mockito.ResetMocksTestExecutionListener, org.springframework.test.context.web.ServletTestExecutionListener, org.springframework.test.context.support.DirtiesContextBeforeModesTestExecutionListener, org.springframework.test.context.support.DependencyInjectionTestExecutionListener, org.springframework.test.context.support.DirtiesContextTestExecutionListener, org.springframework.test.context.transaction.TransactionalTestExecutionListener, org.springframework.test.context.jdbc.SqlScriptsTestExecutionListener]
12:07:58.203 [Test worker] INFO org.springframework.boot.test.context.SpringBootTestContextBootstrapper - Using TestExecutionListeners: [org.springframework.test.context.web.ServletTestExecutionListener@db4421a, org.springframework.test.context.support.DirtiesContextBeforeModesTestExecutionListener@3a79a7e8, org.springframework.boot.test.mock.mockito.MockitoTestExecutionListener@348f74ca, org.springframework.boot.test.autoconfigure.SpringBootDependencyInjectionTestExecutionListener@4cb86be3, org.springframework.test.context.support.DirtiesContextTestExecutionListener@633344fc, org.springframework.test.context.transaction.TransactionalTestExecutionListener@1482f995, org.springframework.test.context.jdbc.SqlScriptsTestExecutionListener@5b64f6eb, org.springframework.security.test.context.support.WithSecurityContextTestExecutionListener@548c7917, org.springframework.security.test.context.support.ReactorContextTestExecutionListener@2de1d3de, org.springframework.boot.test.autoconfigure.restdocs.RestDocsTestExecutionListener@2eacd9a6, org.springframework.boot.test.autoconfigure.web.client.MockRestServiceServerResetTestExecutionListener@5283b136, org.springframework.boot.test.autoconfigure.web.servlet.MockMvcPrintOnlyOnFailureTestExecutionListener@65703eb0, org.springframework.boot.test.autoconfigure.web.servlet.WebDriverTestExecutionListener@46ac7ee3, org.springframework.boot.test.mock.mockito.ResetMocksTestExecutionListener@e05fe79]
12:07:58.210 [Test worker] DEBUG org.springframework.test.annotation.ProfileValueUtils - Retrieved @ProfileValueSourceConfiguration [null] for test class [com.sangsoo.book.springboot.web.PostsApiControllerTest]
12:07:58.211 [Test worker] DEBUG org.springframework.test.annotation.ProfileValueUtils - Retrieved ProfileValueSource type [class org.springframework.test.annotation.SystemProfileValueSource] for class [com.sangsoo.book.springboot.web.PostsApiControllerTest]
12:07:58.217 [Test worker] DEBUG org.springframework.test.annotation.ProfileValueUtils - Retrieved @ProfileValueSourceConfiguration [null] for test class [com.sangsoo.book.springboot.web.PostsApiControllerTest]
12:07:58.218 [Test worker] DEBUG org.springframework.test.annotation.ProfileValueUtils - Retrieved ProfileValueSource type [class org.springframework.test.annotation.SystemProfileValueSource] for class [com.sangsoo.book.springboot.web.PostsApiControllerTest]
12:07:58.218 [Test worker] DEBUG org.springframework.test.annotation.ProfileValueUtils - Retrieved @ProfileValueSourceConfiguration [null] for test class [com.sangsoo.book.springboot.web.PostsApiControllerTest]
12:07:58.218 [Test worker] DEBUG org.springframework.test.annotation.ProfileValueUtils - Retrieved ProfileValueSource type [class org.springframework.test.annotation.SystemProfileValueSource] for class [com.sangsoo.book.springboot.web.PostsApiControllerTest]
12:07:58.222 [Test worker] DEBUG org.springframework.test.context.support.AbstractDirtiesContextTestExecutionListener - Before test class: context [DefaultTestContext@4e68d1b9 testClass = PostsApiControllerTest, testInstance = [null], testMethod = [null], testException = [null], mergedContextConfiguration = [WebMergedContextConfiguration@3b4d5953 testClass = PostsApiControllerTest, locations = '{}', classes = '{class com.sangsoo.book.springboot.Application}', contextInitializerClasses = '[]', activeProfiles = '{}', propertySourceLocations = '{}', propertySourceProperties = '{org.springframework.boot.test.context.SpringBootTestContextBootstrapper=true, server.port=0}', contextCustomizers = set[org.springframework.boot.test.autoconfigure.properties.PropertyMappingContextCustomizer@0, org.springframework.boot.test.autoconfigure.web.servlet.WebDriverContextCustomizerFactory$Customizer@f8205ec, org.springframework.boot.test.context.filter.ExcludeFilterContextCustomizer@2594ec50, org.springframework.boot.test.json.DuplicateJsonObjectContextCustomizerFactory$DuplicateJsonObjectContextCustomizer@bec4e6c, org.springframework.boot.test.mock.mockito.MockitoContextCustomizer@0, org.springframework.boot.test.web.client.TestRestTemplateContextCustomizer@695f0ce3], resourceBasePath = 'src/main/webapp', contextLoader = 'org.springframework.boot.test.context.SpringBootContextLoader', parent = [null]], attributes = map['org.springframework.test.context.web.ServletTestExecutionListener.activateListener' -> false]], class annotated with @DirtiesContext [false] with mode [null].
12:07:58.222 [Test worker] DEBUG org.springframework.test.annotation.ProfileValueUtils - Retrieved @ProfileValueSourceConfiguration [null] for test class [com.sangsoo.book.springboot.web.PostsApiControllerTest]
12:07:58.223 [Test worker] DEBUG org.springframework.test.annotation.ProfileValueUtils - Retrieved ProfileValueSource type [class org.springframework.test.annotation.SystemProfileValueSource] for class [com.sangsoo.book.springboot.web.PostsApiControllerTest]
12:07:58.228 [Test worker] DEBUG org.springframework.test.context.support.DependencyInjectionTestExecutionListener - Performing dependency injection for test context [[DefaultTestContext@4e68d1b9 testClass = PostsApiControllerTest, testInstance = com.sangsoo.book.springboot.web.PostsApiControllerTest@741efbc1, testMethod = [null], testException = [null], mergedContextConfiguration = [WebMergedContextConfiguration@3b4d5953 testClass = PostsApiControllerTest, locations = '{}', classes = '{class com.sangsoo.book.springboot.Application}', contextInitializerClasses = '[]', activeProfiles = '{}', propertySourceLocations = '{}', propertySourceProperties = '{org.springframework.boot.test.context.SpringBootTestContextBootstrapper=true, server.port=0}', contextCustomizers = set[org.springframework.boot.test.autoconfigure.properties.PropertyMappingContextCustomizer@0, org.springframework.boot.test.autoconfigure.web.servlet.WebDriverContextCustomizerFactory$Customizer@f8205ec, org.springframework.boot.test.context.filter.ExcludeFilterContextCustomizer@2594ec50, org.springframework.boot.test.json.DuplicateJsonObjectContextCustomizerFactory$DuplicateJsonObjectContextCustomizer@bec4e6c, org.springframework.boot.test.mock.mockito.MockitoContextCustomizer@0, org.springframework.boot.test.web.client.TestRestTemplateContextCustomizer@695f0ce3], resourceBasePath = 'src/main/webapp', contextLoader = 'org.springframework.boot.test.context.SpringBootContextLoader', parent = [null]], attributes = map['org.springframework.test.context.web.ServletTestExecutionListener.activateListener' -> false]]].
12:07:58.250 [Test worker] DEBUG org.springframework.test.context.support.TestPropertySourceUtils - Adding inlined properties to environment: {spring.jmx.enabled=false, org.springframework.boot.test.context.SpringBootTestContextBootstrapper=true, server.port=0}

  .   ____          _            __ _ _
 /\\ / ___'_ __ _ _(_)_ __  __ _ \ \ \ \
( ( )\___ | '_ | '_| | '_ \/ _` | \ \ \ \
 \\/  ___)| |_)| | | | | || (_| |  ) ) ) )
  '  |____| .__|_| |_|_| |_\__, | / / / /
 =========|_|==============|___/=/_/_/_/
 :: Spring Boot ::        (v2.1.7.RELEASE)

2021-05-13 12:07:58.692  INFO 16131 --- [    Test worker] c.s.b.s.web.PostsApiControllerTest       : Starting PostsApiControllerTest on sangsooui-MacBookPro.local with PID 16131 (started by ohconstant in /Users/ohconstant/IdeaProjects/spring-book)
2021-05-13 12:07:58.693  INFO 16131 --- [    Test worker] c.s.b.s.web.PostsApiControllerTest       : No active profile set, falling back to default profiles: default
2021-05-13 12:07:59.391  INFO 16131 --- [    Test worker] .s.d.r.c.RepositoryConfigurationDelegate : Bootstrapping Spring Data repositories in DEFAULT mode.
2021-05-13 12:07:59.455  INFO 16131 --- [    Test worker] .s.d.r.c.RepositoryConfigurationDelegate : Finished Spring Data repository scanning in 56ms. Found 2 repository interfaces.
2021-05-13 12:07:59.899  INFO 16131 --- [    Test worker] trationDelegate$BeanPostProcessorChecker : Bean 'org.springframework.transaction.annotation.ProxyTransactionManagementConfiguration' of type [org.springframework.transaction.annotation.ProxyTransactionManagementConfiguration$$EnhancerBySpringCGLIB$$386b78bf] is not eligible for getting processed by all BeanPostProcessors (for example: not eligible for auto-proxying)
2021-05-13 12:08:00.248  INFO 16131 --- [    Test worker] o.s.b.w.embedded.tomcat.TomcatWebServer  : Tomcat initialized with port(s): 0 (http)
2021-05-13 12:08:00.279  INFO 16131 --- [    Test worker] o.apache.catalina.core.StandardService   : Starting service [Tomcat]
2021-05-13 12:08:00.280  INFO 16131 --- [    Test worker] org.apache.catalina.core.StandardEngine  : Starting Servlet engine: [Apache Tomcat/9.0.22]
2021-05-13 12:08:00.421  INFO 16131 --- [    Test worker] o.a.c.c.C.[Tomcat].[localhost].[/]       : Initializing Spring embedded WebApplicationContext
2021-05-13 12:08:00.422  INFO 16131 --- [    Test worker] o.s.web.context.ContextLoader            : Root WebApplicationContext: initialization completed in 1712 ms
2021-05-13 12:08:00.659  INFO 16131 --- [    Test worker] com.zaxxer.hikari.HikariDataSource       : HikariPool-1 - Starting...
2021-05-13 12:08:00.806  INFO 16131 --- [    Test worker] com.zaxxer.hikari.HikariDataSource       : HikariPool-1 - Start completed.
2021-05-13 12:08:00.895  INFO 16131 --- [    Test worker] o.hibernate.jpa.internal.util.LogHelper  : HHH000204: Processing PersistenceUnitInfo [
	name: default
	...]
2021-05-13 12:08:00.957  INFO 16131 --- [    Test worker] org.hibernate.Version                    : HHH000412: Hibernate Core {5.3.10.Final}
2021-05-13 12:08:00.959  INFO 16131 --- [    Test worker] org.hibernate.cfg.Environment            : HHH000206: hibernate.properties not found
2021-05-13 12:08:01.107  INFO 16131 --- [    Test worker] o.hibernate.annotations.common.Version   : HCANN000001: Hibernate Commons Annotations {5.0.4.Final}
2021-05-13 12:08:01.242  INFO 16131 --- [    Test worker] org.hibernate.dialect.Dialect            : HHH000400: Using dialect: org.hibernate.dialect.MySQL5InnoDBDialect
Hibernate: drop table if exists posts
Hibernate: drop table if exists user
Hibernate: create table posts (id bigint not null auto_increment, created_date datetime, modified_date datetime, author varchar(255), content TEXT not null, title varchar(500) not null, primary key (id)) engine=InnoDB
Hibernate: create table user (id bigint not null auto_increment, created_date datetime, modified_date datetime, email varchar(255) not null, name varchar(255) not null, picture varchar(255), role varchar(255) not null, primary key (id)) engine=InnoDB
2021-05-13 12:08:01.978  INFO 16131 --- [    Test worker] o.h.t.schema.internal.SchemaCreatorImpl  : HHH000476: Executing import script 'org.hibernate.tool.schema.internal.exec.ScriptSourceInputNonExistentImpl@68020953'
2021-05-13 12:08:01.981  INFO 16131 --- [    Test worker] j.LocalContainerEntityManagerFactoryBean : Initialized JPA EntityManagerFactory for persistence unit 'default'
2021-05-13 12:08:02.539  INFO 16131 --- [    Test worker] o.h.h.i.QueryTranslatorFactoryInitiator  : HHH000397: Using ASTQueryTranslatorFactory
2021-05-13 12:08:02.889  INFO 16131 --- [    Test worker] o.s.s.web.DefaultSecurityFilterChain     : Creating filter chain: any request, [org.springframework.security.web.context.request.async.WebAsyncManagerIntegrationFilter@10110b65, org.springframework.security.web.context.SecurityContextPersistenceFilter@6a478e40, org.springframework.security.web.header.HeaderWriterFilter@52df3fd4, org.springframework.security.web.authentication.logout.LogoutFilter@585aa182, org.springframework.security.oauth2.client.web.OAuth2AuthorizationRequestRedirectFilter@2bc98000, org.springframework.security.oauth2.client.web.OAuth2LoginAuthenticationFilter@afa13a8, org.springframework.security.web.authentication.ui.DefaultLoginPageGeneratingFilter@2603d73d, org.springframework.security.web.authentication.ui.DefaultLogoutPageGeneratingFilter@555d1f1b, org.springframework.security.web.savedrequest.RequestCacheAwareFilter@5d41791d, org.springframework.security.web.servletapi.SecurityContextHolderAwareRequestFilter@1e462211, org.springframework.security.web.authentication.AnonymousAuthenticationFilter@494440ec, org.springframework.security.web.session.SessionManagementFilter@7f634528, org.springframework.security.web.access.ExceptionTranslationFilter@624f2653, org.springframework.security.web.access.intercept.FilterSecurityInterceptor@5e4fb81d]
2021-05-13 12:08:03.157  INFO 16131 --- [    Test worker] o.s.s.concurrent.ThreadPoolTaskExecutor  : Initializing ExecutorService 'applicationTaskExecutor'
2021-05-13 12:08:03.205  WARN 16131 --- [    Test worker] aWebConfiguration$JpaWebMvcConfiguration : spring.jpa.open-in-view is enabled by default. Therefore, database queries may be performed during view rendering. Explicitly configure spring.jpa.open-in-view to disable this warning
2021-05-13 12:08:03.246  INFO 16131 --- [    Test worker] o.s.b.a.w.s.WelcomePageHandlerMapping    : Adding welcome page template: index
2021-05-13 12:08:03.513  INFO 16131 --- [    Test worker] s.a.ScheduledAnnotationBeanPostProcessor : No TaskScheduler/ScheduledExecutorService bean found for scheduled processing
2021-05-13 12:08:03.539  INFO 16131 --- [    Test worker] o.s.b.w.embedded.tomcat.TomcatWebServer  : Tomcat started on port(s): 64757 (http) with context path ''
2021-05-13 12:08:03.543  INFO 16131 --- [    Test worker] c.s.b.s.web.PostsApiControllerTest       : Started PostsApiControllerTest in 5.29 seconds (JVM running for 6.287)
2021-05-13 12:08:03.649  INFO 16131 --- [    Test worker] o.a.c.c.C.[Tomcat].[localhost].[/]       : Initializing Spring TestDispatcherServlet ''
2021-05-13 12:08:03.650  INFO 16131 --- [    Test worker] o.s.t.web.servlet.TestDispatcherServlet  : Initializing Servlet ''
2021-05-13 12:08:03.662  INFO 16131 --- [    Test worker] o.s.t.web.servlet.TestDispatcherServlet  : Completed initialization in 12 ms
requestDto = com.sangsoo.book.springboot.web.dto.PostsSaveRequestDto@76141fc4
Hibernate: insert into posts (created_date, modified_date, author, content, title) values (?, ?, ?, ?, ?)
Hibernate: select posts0_.id as id1_0_, posts0_.created_date as created_2_0_, posts0_.modified_date as modified3_0_, posts0_.author as author4_0_, posts0_.content as content5_0_, posts0_.title as title6_0_ from posts posts0_
Hibernate: select posts0_.id as id1_0_, posts0_.created_date as created_2_0_, posts0_.modified_date as modified3_0_, posts0_.author as author4_0_, posts0_.content as content5_0_, posts0_.title as title6_0_ from posts posts0_
Hibernate: delete from posts where id=?
]]></system-out>
  <system-err><![CDATA[]]></system-err>
</testsuite>
